c:\users\user\desktop\gameprogramming\c\ch1\x64\debug\vc143.pdb
c:\users\user\desktop\gameprogramming\c\ch1\x64\debug\vc143.idb
c:\users\user\desktop\gameprogramming\c\ch1\x64\debug\variable.obj
c:\users\user\desktop\gameprogramming\c\ch1\x64\debug\solo.obj
c:\users\user\desktop\gameprogramming\c\ch1\x64\debug\ch1.ilk
c:\users\user\desktop\gameprogramming\c\ch1\x64\debug\variable.obj.enc
c:\users\user\desktop\gameprogramming\c\cstudy\x64\debug\ch1.pdb
c:\users\user\desktop\gameprogramming\c\ch1\x64\debug\ch1.tlog\cl.command.1.tlog
c:\users\user\desktop\gameprogramming\c\ch1\x64\debug\ch1.tlog\cl.items.tlog
c:\users\user\desktop\gameprogramming\c\ch1\x64\debug\ch1.tlog\cl.read.1.tlog
c:\users\user\desktop\gameprogramming\c\ch1\x64\debug\ch1.tlog\cl.write.1.tlog
c:\users\user\desktop\gameprogramming\c\ch1\x64\debug\ch1.tlog\link-cvtres.read.1.tlog
c:\users\user\desktop\gameprogramming\c\ch1\x64\debug\ch1.tlog\link-cvtres.write.1.tlog
c:\users\user\desktop\gameprogramming\c\ch1\x64\debug\ch1.tlog\link-rc.read.1.tlog
c:\users\user\desktop\gameprogramming\c\ch1\x64\debug\ch1.tlog\link-rc.write.1.tlog
c:\users\user\desktop\gameprogramming\c\ch1\x64\debug\ch1.tlog\link.4944-cvtres.read.1.tlog
c:\users\user\desktop\gameprogramming\c\ch1\x64\debug\ch1.tlog\link.4944-cvtres.write.1.tlog
c:\users\user\desktop\gameprogramming\c\ch1\x64\debug\ch1.tlog\link.4944-rc.read.1.tlog
c:\users\user\desktop\gameprogramming\c\ch1\x64\debug\ch1.tlog\link.4944-rc.write.1.tlog
c:\users\user\desktop\gameprogramming\c\ch1\x64\debug\ch1.tlog\link.4944.read.1.tlog
c:\users\user\desktop\gameprogramming\c\ch1\x64\debug\ch1.tlog\link.4944.read.2.tlog
c:\users\user\desktop\gameprogramming\c\ch1\x64\debug\ch1.tlog\link.4944.read.3.tlog
c:\users\user\desktop\gameprogramming\c\ch1\x64\debug\ch1.tlog\link.4944.read.4.tlog
c:\users\user\desktop\gameprogramming\c\ch1\x64\debug\ch1.tlog\link.4944.write.1.tlog
c:\users\user\desktop\gameprogramming\c\ch1\x64\debug\ch1.tlog\link.command.1.tlog
c:\users\user\desktop\gameprogramming\c\ch1\x64\debug\ch1.tlog\link.read.1.tlog
c:\users\user\desktop\gameprogramming\c\ch1\x64\debug\ch1.tlog\link.read.2.tlog
c:\users\user\desktop\gameprogramming\c\ch1\x64\debug\ch1.tlog\link.read.3.tlog
c:\users\user\desktop\gameprogramming\c\ch1\x64\debug\ch1.tlog\link.read.4.tlog
c:\users\user\desktop\gameprogramming\c\ch1\x64\debug\ch1.tlog\link.secondary.1.tlog
c:\users\user\desktop\gameprogramming\c\ch1\x64\debug\ch1.tlog\link.write.1.tlog
